<?xml version="1.0" encoding="UTF-8"?>
<!-- Generated by org.testng.reporters.JUnitReportReporter -->
<testsuite hostname="LAPTOP-5KMFOFH9" failures="0" tests="3" name="testNGDemo.CrossBrowerTest" time="21.825" errors="0" timestamp="2022-10-09T12:38:56 IST" skipped="0">
  <testcase classname="testNGDemo.CrossBrowerTest" name="edgeTest" time="6.771"/>
  <system-out/>
  <testcase classname="testNGDemo.CrossBrowerTest" name="firefoxTest" time="9.540"/>
  <system-out/>
  <testcase classname="testNGDemo.CrossBrowerTest" name="chromeTest" time="5.514"/>
  <system-out/>
</testsuite> <!-- testNGDemo.CrossBrowerTest -->
