<?xml version="1.0" encoding="UTF-8"?>
<!-- Generated by org.testng.reporters.JUnitReportReporter -->
<testsuite hostname="LAPTOP-5KMFOFH9" failures="0" tests="1" name="testNGDemo.OrangehrmPropertyfile" time="10.492" errors="0" timestamp="2022-10-11T19:45:24 IST" skipped="0">
  <testcase classname="testNGDemo.OrangehrmPropertyfile" name="hrmLogin" time="10.492"/>
  <system-out/>
</testsuite> <!-- testNGDemo.OrangehrmPropertyfile -->
