<?xml version="1.0" encoding="UTF-8"?>
<!-- Generated by org.testng.reporters.JUnitReportReporter -->
<testsuite hostname="LAPTOP-5KMFOFH9" failures="0" tests="3" name="testNGDemo.TestDemo2" time="7.362" errors="0" timestamp="2022-10-09T12:27:39 IST" skipped="1">
  <testcase classname="testNGDemo.TestDemo2" name="amazonTest" time="4.968"/>
  <system-out/>
  <testcase classname="testNGDemo.TestDemo2" name="googleTest" time="2.394"/>
  <system-out/>
  <testcase classname="testNGDemo.TestDemo2" name="facebookTest">
    <skipped/>
  </testcase> <!-- facebookTest -->
  <system-out/>
</testsuite> <!-- testNGDemo.TestDemo2 -->
