<?xml version="1.0" encoding="UTF-8"?>
<!-- Generated by org.testng.reporters.JUnitReportReporter -->
<testsuite hostname="LAPTOP-5KMFOFH9" failures="0" tests="5" name="dataDrivenFramework.DataDrivenDemo" time="0.013" errors="0" timestamp="2022-10-12T19:31:55 IST" skipped="0">
  <testcase classname="dataDrivenFramework.DataDrivenDemo" name="testCase" time="0.001"/>
  <system-out/>
  <testcase classname="dataDrivenFramework.DataDrivenDemo" name="testCase" time="0.001"/>
  <system-out/>
  <testcase classname="dataDrivenFramework.DataDrivenDemo" name="testCase" time="0.009"/>
  <system-out/>
  <testcase classname="dataDrivenFramework.DataDrivenDemo" name="testCase" time="0.001"/>
  <system-out/>
  <testcase classname="dataDrivenFramework.DataDrivenDemo" name="testCase" time="0.001"/>
  <system-out/>
</testsuite> <!-- dataDrivenFramework.DataDrivenDemo -->
