<?xml version="1.0" encoding="UTF-8"?>
<!-- Generated by org.testng.reporters.JUnitReportReporter -->
<testsuite hostname="LAPTOP-5KMFOFH9" failures="0" tests="1" name="frameworkDesign.LoginPageTest" time="6.580" errors="0" timestamp="2022-10-10T19:51:06 IST" skipped="0">
  <testcase classname="frameworkDesign.LoginPageTest" name="testCase1" time="6.580"/>
  <system-out/>
</testsuite> <!-- frameworkDesign.LoginPageTest -->
