<?xml version="1.0" encoding="UTF-8"?>
<!-- Generated by org.testng.reporters.JUnitReportReporter -->
<testsuite hostname="LAPTOP-5KMFOFH9" failures="0" tests="2" name="testNGDemo.RealTimeAnnotation" time="5.750" errors="0" timestamp="2022-10-10T19:37:12 IST" skipped="0">
  <testcase classname="testNGDemo.RealTimeAnnotation" name="hrmLogin" time="4.784"/>
  <system-out/>
  <testcase classname="testNGDemo.RealTimeAnnotation" name="hrmLogout" time="0.966"/>
  <system-out/>
</testsuite> <!-- testNGDemo.RealTimeAnnotation -->
