<?xml version="1.0" encoding="UTF-8"?>
<!-- Generated by org.testng.reporters.JUnitReportReporter -->
<testsuite hostname="LAPTOP-5KMFOFH9" failures="0" tests="1" name="testNGDemo.DataReadFromPropertiesFile" time="0.013" errors="0" timestamp="2022-10-11T19:36:31 IST" skipped="0">
  <testcase classname="testNGDemo.DataReadFromPropertiesFile" name="testCase" time="0.013"/>
  <system-out/>
</testsuite> <!-- testNGDemo.DataReadFromPropertiesFile -->
