<?xml version="1.0" encoding="UTF-8"?>
<!-- Generated by org.testng.reporters.JUnitReportReporter -->
<testsuite hostname="LAPTOP-5KMFOFH9" failures="0" tests="1" name="testNGDemo.ScreenshotDemo" time="3.530" errors="0" timestamp="2022-10-13T19:31:11 IST" skipped="0">
  <testcase classname="testNGDemo.ScreenshotDemo" name="capture" time="3.530"/>
  <system-out/>
</testsuite> <!-- testNGDemo.ScreenshotDemo -->
