<?xml version="1.0" encoding="UTF-8"?>
<!-- Generated by org.testng.reporters.JUnitReportReporter -->
<testsuite hostname="LAPTOP-5KMFOFH9" failures="0" tests="2" name="testNGDemo.DataPassingWithXML" time="6.212" errors="0" timestamp="2022-10-11T19:47:52 IST" skipped="0">
  <testcase classname="testNGDemo.DataPassingWithXML" name="testCase" time="0.002"/>
  <system-out/>
  <testcase classname="testNGDemo.DataPassingWithXML" name="hrmLogin" time="6.210"/>
  <system-out/>
</testsuite> <!-- testNGDemo.DataPassingWithXML -->
