<?xml version="1.0" encoding="UTF-8"?>
<!-- Generated by org.testng.reporters.JUnitReportReporter -->
<testsuite hostname="LAPTOP-5KMFOFH9" failures="0" tests="1" name="dataDrivenFramework.ExcelDataRead" time="0.859" errors="0" timestamp="2022-10-13T19:12:21 IST" skipped="0">
  <testcase classname="dataDrivenFramework.ExcelDataRead" name="dataRead" time="0.859"/>
  <system-out/>
</testsuite> <!-- dataDrivenFramework.ExcelDataRead -->
