<?xml version="1.0" encoding="UTF-8"?>
<!-- Generated by org.testng.reporters.JUnitReportReporter -->
<testsuite hostname="LAPTOP-5KMFOFH9" failures="0" tests="3" name="testNGDemo.AnnotationmDemo" time="0.011" errors="0" timestamp="2022-10-10T19:23:41 IST" skipped="0">
  <testcase classname="testNGDemo.AnnotationmDemo" name="testCase1" time="0.007"/>
  <system-out/>
  <testcase classname="testNGDemo.AnnotationmDemo" name="testCase3" time="0.002"/>
  <system-out/>
  <testcase classname="testNGDemo.AnnotationmDemo" name="testCase2" time="0.002"/>
  <system-out/>
</testsuite> <!-- testNGDemo.AnnotationmDemo -->
