<?xml version="1.0" encoding="UTF-8"?>
<!-- Generated by org.testng.reporters.JUnitReportReporter -->
<testsuite hostname="LAPTOP-5KMFOFH9" failures="0" tests="1" name="testNGDemo.GoogleTest" time="5.196" errors="0" timestamp="2022-10-16T12:11:27 IST" skipped="0">
  <testcase classname="testNGDemo.GoogleTest" name="chromeTest" time="5.196"/>
  <system-out/>
</testsuite> <!-- testNGDemo.GoogleTest -->
