<?xml version="1.0" encoding="UTF-8"?>
<!-- Generated by org.testng.reporters.JUnitReportReporter -->
<testsuite skipped="0" hostname="LAPTOP-5KMFOFH9" name="testNGDemo.TestDemo1" tests="2" failures="0" timestamp="2022-10-16T12:30:09 IST" time="0.010" errors="0">
  <testcase name="testCase2" time="0.001" classname="testNGDemo.TestDemo1"/>
  <system-out/>
  <testcase name="testCase1" time="0.009" classname="testNGDemo.TestDemo1"/>
  <system-out/>
</testsuite> <!-- testNGDemo.TestDemo1 -->
