<?xml version="1.0" encoding="UTF-8"?>
<!-- Generated by org.testng.reporters.JUnitReportReporter -->
<testsuite skipped="0" hostname="LAPTOP-5KMFOFH9" name="testNGDemo.GoogleTest" tests="1" failures="0" timestamp="2022-10-16T12:30:09 IST" time="8.892" errors="0">
  <testcase name="chromeTest" time="8.892" classname="testNGDemo.GoogleTest"/>
  <system-out/>
</testsuite> <!-- testNGDemo.GoogleTest -->
